<?xml version="1.0" encoding="UTF-8"?>
<!-- Generated by org.testng.reporters.JUnitReportReporter -->
<testsuite hostname="Hp_Ryzen" failures="0" tests="4" name="testscripts.regression.ValidateLoginUsingDataProvider" time="34.041" errors="0" timestamp="2024-10-29T15:06:04 IST" skipped="0">
  <testcase classname="testscripts.regression.ValidateLoginUsingDataProvider" name="validateLoginTest1" time="9.352"/>
  <testcase classname="testscripts.regression.ValidateLoginUsingDataProvider" name="validateLoginTest1" time="9.052"/>
  <testcase classname="testscripts.regression.ValidateLoginUsingDataProvider" name="validateLoginTest1" time="8.078"/>
  <testcase classname="testscripts.regression.ValidateLoginUsingDataProvider" name="validateLoginTest1" time="7.559"/>
</testsuite> <!-- testscripts.regression.ValidateLoginUsingDataProvider -->
