<?xml version="1.0" encoding="UTF-8"?>
<!-- Generated by org.testng.reporters.JUnitReportReporter -->
<testsuite hostname="Hp_Ryzen" failures="0" tests="1" name="testscripts.regression.ValidateLoginUsingKeywords" time="8.820" errors="0" timestamp="2024-11-02T12:49:44 IST" skipped="0">
  <testcase classname="testscripts.regression.ValidateLoginUsingKeywords" name="loginTest" time="8.820"/>
</testsuite> <!-- testscripts.regression.ValidateLoginUsingKeywords -->
