<?xml version="1.0" encoding="UTF-8"?>
<!-- Generated by org.testng.reporters.JUnitReportReporter -->
<testsuite hostname="Hp_Ryzen" failures="0" tests="1" name="testscripts.regression.ValidateLoginUsingPOM" time="38.070" errors="0" timestamp="2024-11-03T17:45:32 IST" skipped="0">
  <testcase classname="testscripts.regression.ValidateLoginUsingPOM" name="validateLogin" time="38.070"/>
</testsuite> <!-- testscripts.regression.ValidateLoginUsingPOM -->
