<?xml version="1.0" encoding="UTF-8"?>
<!-- Generated by org.testng.reporters.JUnitReportReporter -->
<testsuite hostname="Hp_Ryzen" failures="0" tests="4" name="testscripts.regression.ValidateLogin" time="31.894" errors="0" timestamp="2024-10-29T14:30:54 IST" skipped="0">
  <testcase classname="testscripts.regression.ValidateLogin" name="validateLoginTest3" time="7.761"/>
  <testcase classname="testscripts.regression.ValidateLogin" name="validateLoginTest2" time="7.495"/>
  <testcase classname="testscripts.regression.ValidateLogin" name="validateLoginTest1" time="7.913"/>
  <testcase classname="testscripts.regression.ValidateLogin" name="validateLoginTest4" time="8.725"/>
</testsuite> <!-- testscripts.regression.ValidateLogin -->
