<?xml version="1.0" encoding="UTF-8"?>
<!-- Generated by org.testng.reporters.JUnitReportReporter -->
<testsuite hostname="Hp_Ryzen" failures="0" tests="1" name="testscripts.regression.ValidateLoginUsingHybrid" time="13.027" errors="0" timestamp="2024-11-02T15:47:36 IST" skipped="0">
  <testcase classname="testscripts.regression.ValidateLoginUsingHybrid" name="loginTest" time="13.027"/>
</testsuite> <!-- testscripts.regression.ValidateLoginUsingHybrid -->
