<?xml version="1.0" encoding="UTF-8"?>
<!-- Generated by org.testng.reporters.JUnitReportReporter -->
<testsuite hostname="Hp_Ryzen" failures="0" tests="1" name="testscripts.regression.ValidateLoginUsingPOM1" time="45.242" errors="0" timestamp="2024-11-05T11:03:48 IST" skipped="0">
  <testcase classname="testscripts.regression.ValidateLoginUsingPOM1" name="validateLogin" time="45.242"/>
</testsuite> <!-- testscripts.regression.ValidateLoginUsingPOM1 -->
