<?xml version="1.0" encoding="UTF-8"?>
<!-- Generated by org.testng.reporters.JUnitReportReporter -->
<testsuite hostname="Hp_Ryzen" failures="0" tests="1" name="testscripts.regression.ValidateLoginUsingPOMDataProviderExcel" time="44.169" errors="0" timestamp="2024-11-06T19:48:46 IST" skipped="0">
  <testcase classname="testscripts.regression.ValidateLoginUsingPOMDataProviderExcel" name="validateLogin" time="44.169"/>
</testsuite> <!-- testscripts.regression.ValidateLoginUsingPOMDataProviderExcel -->
